# Postgres 16 на Rocky Linux (клон RedHat) из ДЗ №6
## Установочные действия
Подключимся к postgres:
```
psql -h localhost -U developer
```
Создадим базу и подключимся к ней:
```
CREATE DATABASE sql_foundation;
\c sql_foundation
```
### Скрипты наполнения демо-базы взяты отсюда: https://www.dropbox.com/s/i1e3hxmn2b8alju/sql_foundation.sql?dl=1
### Выполним их и начнём работу
## Обычный индекс
Создадим простой индекс по одному полю таблицы <b>superheroes</b>:
```
CREATE INDEX ix_superheroes_year ON superheroes (year);
```
Рассмотрим план запроса по этому полю:
```
EXPLAIN
SELECT * FROM superheroes
WHERE year = 1949;
```
Планировщик использовал наш индекс вместо сканирования таблицы:
```
                                    QUERY PLAN
-----------------------------------------------------------------------------------
 Bitmap Heap Scan on superheroes  (cost=4.39..46.04 rows=14 width=94)
   Recheck Cond: (year = 1949)
   ->  Bitmap Index Scan on ix_superheroes_year  (cost=0.00..4.39 rows=14 width=0)
         Index Cond: (year = 1949)
```
## Полнотекстовый индекс
В поле <b>name</b> таблицы <b>products</b> у нас русская кириллица:
```
CREATE INDEX ix_products_name ON products
USING GIN(to_tsvector('russian', name));
```
Выключим параметр сканирования:
```
SET enable_seqscan = OFF;
```
Теперь проверим, что наш полнотекстовый индекс используется:
```
EXPLAIN
SELECT * FROM products
WHERE to_tsvector('russian', name) @@ 'сет';
                                         QUERY PLAN
---------------------------------------------------------------------------------------------
 Bitmap Heap Scan on products  (cost=8.53..12.79 rows=1 width=230)
   Recheck Cond: (to_tsvector('russian'::regconfig, (name)::text) @@ '''сет'''::tsquery)
   ->  Bitmap Index Scan on ix_products_name  (cost=0.00..8.53 rows=1 width=0)
         Index Cond: (to_tsvector('russian'::regconfig, (name)::text) @@ '''сет'''::tsquery)
```
## Частичный индекс
Создадим частичный индекс по полю <b>appearances</b> таблицы <b>superheroes</b>:
```
CREATE INDEX ix_superheroes_many_appearances ON superheroes (appearances)
WHERE appearances >= 100;
```
Выполним запрос, попадающий в этот индекс:
```
EXPLAIN
SELECT * FROM superheroes
WHERE appearances = 106;
                                          QUERY PLAN
----------------------------------------------------------------------------------------------
 Bitmap Heap Scan on superheroes  (cost=4.34..30.16 rows=8 width=94)
   Recheck Cond: (appearances = 106)
   ->  Bitmap Index Scan on ix_superheroes_many_appearances  (cost=0.00..4.33 rows=8 width=0)
         Index Cond: (appearances = 106)
```
## Индекс по нескольким полям
Создадим индекс по полям <b>name</b> и <b>gender</b> (оба текстовые) таблицы <b>superheroes</b>:
```
CREATE INDEX ix_superheroes_name_gender ON superheroes (name COLLATE "C", gender);
```
Запрос под него:
```
EXPLAIN
SELECT * FROM superheroes
WHERE name LIKE 'F%' AND gender = 'Female Characters';
                                                            QUERY PLAN
-----------------------------------------------------------------------------------------------------------------------------------
 Bitmap Heap Scan on superheroes  (cost=10.09..100.63 rows=48 width=94)
   Recheck Cond: ((gender)::text = 'Female Characters'::text)
   Filter: ((name)::text ~~ 'F%'::text)
   ->  Bitmap Index Scan on ix_superheroes_name_gender  (cost=0.00..10.08 rows=47 width=0)
         Index Cond: (((name)::text >= 'F'::text) AND ((name)::text < 'G'::text) AND ((gender)::text = 'Female Characters'::text))
```
## Комментарии к индексам
<b>ix_superheroes_year</b> - тут всё понятно. Обычный индекс по числовому полю. Подходит для предикатов в виде строгого равенства или нешироких диапазонов значений поля <b>year</b>. Планировщик потратил всего 4.39 у.е. на поиск по индексу и сразу оценил результат в 14 записей из более чем 7200.<br />
<b>ix_products_name</b> - для полнотекстового поиска на русском языке. Для этого необходима конструкция <b>to_tsvector</b> при создании индекса и при выполнении запроса.<br />
<b>ix_superheroes_many_appearances</b> - индекс на часть значений. Если множество значений, описываемое предикатом, не будет являться подмножеством предиката индекса - планировщик не сможет им воспользоваться и выберет сканирование.<br />
<b>ix_superheroes_name_gender</b> - индекс по двум полям. Подходит как для запросов по 1-му полю в объявлении индекса (<b>name</b>), так и по двум одновременно, а в случае с 1-м полем - как по строгому равенству значений, так и по нестрогому (ищет не всю строку, а лишь начало). Обратим внимание, как планировщик разворачивает оператор <b>LIKE</b> - в виде двойного неравенства.
## Трудности по ходу выполнения
Единственная проблема возникла с последним индексом и запросом. Если просто создать индекс инструкцией и запросить план нашего запроса:
```
CREATE INDEX ix_superheroes_name_gender ON superheroes (name COLLATE "C", gender);

EXPLAIN
SELECT * FROM superheroes
WHERE name LIKE 'F%' AND gender = 'Female Characters';
```
План будет такой:
```
                                          QUERY PLAN
----------------------------------------------------------------------------------------------
 Bitmap Heap Scan on superheroes  (cost=294.90..447.50 rows=48 width=94)
   Recheck Cond: ((gender)::text = 'Female Characters'::text)
   Filter: ((name)::text ~~ 'F%'::text)
   ->  Bitmap Index Scan on ix_superheroes_name_gender  (cost=0.00..294.89 rows=2373 width=0)
         Index Cond: ((gender)::text = 'Female Characters'::text)
```
Сначала идёт отбор по 2-му полю (неселективному), а потом применяется фильтр (не поиск!) по 1-му. Сколько записей в обороте планировщика - видно сразу, что это не то, что нужно (индекс по сути бесполезен, хоть формально используется).<br />
Были подозрения и на типы данных (пробовал явно кастить), и использовать <b>ILIKE</b> вместо <b>LIKE</b>, и задавать более строгий паттерн, чтобы повысить селективность (не 'F%', а, например, 'Far%') - всё бесполезно.<br />
Оказалось, что оператор <b>LIKE</b> работает только в специальной коллации, которая называется "C". Проверил коллацию базы:
```
\l
                                                          List of databases
      Name      |   Owner   | Encoding | Locale Provider |   Collate   |    Ctype    | ICU Locale | ICU Rules |   Access privileges
----------------+-----------+----------+-----------------+-------------+-------------+------------+-----------+-----------------------
 developer_db   | developer | UTF8     | libc            | en_US.UTF-8 | en_US.UTF-8 |            |           |
 locks          | developer | UTF8     | libc            | en_US.UTF-8 | en_US.UTF-8 |            |           |
 postgres       | postgres  | UTF8     | libc            | en_US.UTF-8 | en_US.UTF-8 |            |           |
 sql_foundation | developer | UTF8     | libc            | en_US.UTF-8 | en_US.UTF-8 |            |           |
 template0      | postgres  | UTF8     | libc            | en_US.UTF-8 | en_US.UTF-8 |            |           | =c/postgres          +
                |           |          |                 |             |             |            |           | postgres=CTc/postgres
 template1      | postgres  | UTF8     | libc            | en_US.UTF-8 | en_US.UTF-8 |            |           | =c/postgres          +
                |           |          |                 |             |             |            |           | postgres=CTc/postgres
 test           | postgres  | UTF8     | libc            | en_US.UTF-8 | en_US.UTF-8 |            |           |
```
Другая! Поэтому в инструкцию создания индекса при перечислении полей прописываем <b>name COLLATE "C", gender</b>.<br />
После этого всё получилось.<br />
<br />
P.S. Если вместо <b>LIKE</b> прямо задавать двойное неравенство (по типу такого, в какое разворачивает планировщик), можно не возиться с коллациями - будет попадание в индекс. Но оператор <b>LIKE</b> нам просто необходим в разработке, поэтому нужно понимать, как с ним правильно работать.
