# Postgres 16 на Rocky Linux (клон RedHat) из ДЗ №6
## Установочные действия
Скачаем файл demo-small-20170815.sql поуказанной ссылке и поместим его в домашнюю директорию
Подключимся к postgres:
```
psql -h localhost -U developer
```
Запустим скрипт прямо из файла
```
\i ~/demo-small-20170815.sql
```
База создана и наполнена

## Анализ данных и выбор таблицы для секционирования
Выполним запросы типа:
```
SELECT * FROM bookings LIMIT 20;
```
Видим, что это таблица фактов, и записи с опорой на дату (book_date). Поэтому полю можно секционироовать - разбивать на диапазоны.<br />
Определим граничные даты всей таблицы:
```
SELECT MIN(book_date), MAX(book_date), COUNT(*) 
FROM bookings;
          min           |          max           | count
------------------------+------------------------+--------
 2017-06-21 14:05:00+03 | 2017-08-15 18:00:00+03 | 262788
(1 row)
```
### Данные захватывают три месяца. Соответственно, целесообразно выбрать помесячное секционирование
## Скрипт секционирования и миграции данных приложен ниже
## Тестирование
Сравним данные в таблицах (все ли доехали):
```
demo=# select count(*) from bookings;
 count
--------
 262788
(1 row)

demo=# select count(*) from bookings_part;
 count
--------
 262788
(1 row)
```
Проверим, как данные легли в партиции. Обратимся поочерёдно к партиции напрямую, затем к таблице по соответствующему условию
```
demo=# select count(*) from bookings_201706;
 count
-------
  7303
(1 row)

demo=# select count(*) from bookings_part where book_date < '2017-07-01';
 count
-------
  7303
(1 row)

demo=# select count(*) from bookings_201707;
 count
--------
 167062
(1 row)

demo=# select count(*) from bookings_part where book_date >= '2017-07-01' and book_date < '2017-08-01';
 count
--------
 167062
(1 row)

demo=# select count(*) from bookings_201708;
 count
-------
 88423
(1 row)

demo=# select count(*) from bookings_part where book_date >= '2017-08-01' and book_date < '2017-09-01';
 count
-------
 88423
(1 row)
```
Запросим данные за какой-то небольшой период по исходной таблице и по секционированной и сравним планы:
```
demo=# EXPLAIN ANALYZE
demo-# SELECT *
demo-# FROM bookings.bookings
demo-# WHERE book_date BETWEEN '2017-07-10' AND '2017-07-12';
                                                                     QUERY PLAN
-----------------------------------------------------------------------------------------------------------------------------------------------------
 Seq Scan on bookings  (cost=0.00..5653.82 rows=11166 width=21) (actual time=0.011..13.397 rows=11258 loops=1)
   Filter: ((book_date >= '2017-07-10 00:00:00+03'::timestamp with time zone) AND (book_date <= '2017-07-12 00:00:00+03'::timestamp with time zone))
   Rows Removed by Filter: 251530
 Planning Time: 0.093 ms
 Execution Time: 13.737 ms
(5 rows)

demo=# EXPLAIN ANALYZE
SELECT *
FROM bookings.bookings_part
WHERE book_date BETWEEN '2017-07-10' AND '2017-07-12';
                                                                     QUERY PLAN
-----------------------------------------------------------------------------------------------------------------------------------------------------
 Seq Scan on bookings_201707 bookings_part  (cost=0.00..3570.93 rows=11253 width=21) (actual time=0.007..8.821 rows=11258 loops=1)
   Filter: ((book_date >= '2017-07-10 00:00:00+03'::timestamp with time zone) AND (book_date <= '2017-07-12 00:00:00+03'::timestamp with time zone))
   Rows Removed by Filter: 155804
 Planning Time: 0.214 ms
 Execution Time: 9.105 ms
(5 rows)
```
Число строк на выходе, конечно, одинаковое, но в 1-м случае сканируем всю таблицу, а во 2-м - только 2-ю секцию (самую большую и секции всего три, поэтому cost меньше всего в 1,5 раза)<br />
Добавим индексы:
```
CREATE INDEX IX_bookings_bookdate ON bookings.bookings (book_date);
CREATE INDEX IX_bookingspart_bookdate ON bookings.bookings_part (book_date);
```
И выполним те же запросы с планами:
```
demo=# EXPLAIN ANALYZE
SELECT *
FROM bookings.bookings
WHERE book_date BETWEEN '2017-07-10' AND '2017-07-12';
                                                                          QUERY PLAN
---------------------------------------------------------------------------------------------------------------------------------------------------------------
 Bitmap Heap Scan on bookings  (cost=190.87..2070.36 rows=11166 width=21) (actual time=0.820..3.753 rows=11258 loops=1)
   Recheck Cond: ((book_date >= '2017-07-10 00:00:00+03'::timestamp with time zone) AND (book_date <= '2017-07-12 00:00:00+03'::timestamp with time zone))
   Heap Blocks: exact=1674
   ->  Bitmap Index Scan on ix_bookings_bookdate  (cost=0.00..188.08 rows=11166 width=0) (actual time=0.647..0.647 rows=11258 loops=1)
         Index Cond: ((book_date >= '2017-07-10 00:00:00+03'::timestamp with time zone) AND (book_date <= '2017-07-12 00:00:00+03'::timestamp with time zone))
 Planning Time: 0.203 ms
 Execution Time: 4.051 ms
(7 rows)

demo=# EXPLAIN ANALYZE
SELECT *
FROM bookings.bookings_part
WHERE book_date BETWEEN '2017-07-10' AND '2017-07-12';
                                                                          QUERY PLAN
---------------------------------------------------------------------------------------------------------------------------------------------------------------
 Bitmap Heap Scan on bookings_201707 bookings_part  (cost=191.64..1425.43 rows=11253 width=21) (actual time=0.653..3.317 rows=11258 loops=1)
   Recheck Cond: ((book_date >= '2017-07-10 00:00:00+03'::timestamp with time zone) AND (book_date <= '2017-07-12 00:00:00+03'::timestamp with time zone))
   Heap Blocks: exact=1064
   ->  Bitmap Index Scan on bookings_201707_book_date_idx  (cost=0.00..188.82 rows=11253 width=0) (actual time=0.538..0.538 rows=11258 loops=1)
         Index Cond: ((book_date >= '2017-07-10 00:00:00+03'::timestamp with time zone) AND (book_date <= '2017-07-12 00:00:00+03'::timestamp with time zone))
 Planning Time: 0.267 ms
 Execution Time: 3.618 ms
(7 rows)
```
Оба запроса попадают в индекс, но в 1-м случае индекс строится на всю таблицу, а во 2-м - на каждую секцию по мндексноому дереву. Выигрыш в производительности по секционированной таблице тоже около 1,5 раз
